{
  "RSpec": {
    "coverage": {
      "/Users/student/Scripts/battle_ship/spec/game_spec.rb": [
        1,
        null,
        1,
        3,
        null,
        1,
        1,
        1,
        null,
        null,
        null,
        null,
        null,
        1,
        1,
        null,
        null,
        null,
        1,
        null,
        1,
        1,
        null,
        1,
        1,
        null,
        null,
        1,
        1,
        null,
        null
      ],
      "/Users/student/Scripts/battle_ship/lib/game.rb": [
        1,
        null,
        1,
        null,
        null,
        null,
        null,
        null,
        1,
        1,
        1,
        5,
        null,
        1,
        null,
        null,
        1,
        1,
        null,
        null,
        null
      ]
    },
    "timestamp": 1555749832
  }
}
