{
  "RSpec": {
    "coverage": {
      "/Users/student/Scripts/battle_ship/spec/game_spec.rb": [
        1,
        null,
        1,
        11,
        9,
        4,
        11,
        null,
        1,
        1,
        1,
        null,
        null,
        null,
        null,
        null,
        1,
        1,
        null,
        null,
        null,
        1,
        1,
        1,
        null,
        1,
        1,
        null,
        null,
        null,
        1,
        1,
        1,
        1,
        1,
        null,
        null,
        1,
        1,
        1,
        1,
        null,
        null,
        1,
        1,
        1,
        1,
        1,
        1,
        null,
        null,
        1,
        1,
        1,
        1,
        1,
        1,
        null,
        null,
        null,
        null,
        1,
        1,
        1,
        1,
        1,
        null,
        null,
        null,
        1,
        1,
        1,
        1,
        1,
        null,
        null,
        1,
        1,
        1,
        1,
        1,
        null,
        null,
        1,
        1,
        1,
        1,
        1,
        null,
        null,
        null
      ],
      "/Users/student/Scripts/battle_ship/lib/game.rb": [
        1,
        1,
        null,
        1,
        1,
        null,
        1,
        null,
        null,
        null,
        null,
        null,
        null,
        1,
        10,
        null,
        null,
        1,
        1,
        1,
        5,
        null,
        1,
        null,
        null,
        1,
        1,
        null,
        null,
        null,
        1,
        4,
        20,
        20,
        null,
        null,
        null,
        1,
        1,
        1,
        1,
        null,
        null,
        1,
        3,
        3,
        3,
        1,
        1,
        null,
        2,
        2,
        null,
        null,
        null,
        1,
        null,
        1,
        15,
        15,
        15,
        null,
        null,
        1,
        15,
        15,
        15,
        15,
        15,
        15,
        null,
        null,
        1,
        15,
        15,
        15,
        15,
        5,
        17,
        null,
        10,
        10,
        34,
        null,
        null,
        15,
        null,
        null,
        null,
        1,
        0,
        0,
        0,
        0,
        0,
        0,
        0,
        0,
        0,
        null
      ],
      "/Users/student/Scripts/battle_ship/lib/grid.rb": [
        1,
        1,
        1,
        1,
        11,
        1,
        1,
        10,
        10,
        100,
        3,
        3,
        97,
        2,
        2,
        null,
        95,
        null,
        null,
        10,
        null,
        1,
        null,
        null,
        1,
        1,
        11,
        1,
        1,
        10,
        10,
        100,
        1,
        1,
        99,
        1,
        1,
        null,
        98,
        null,
        null,
        10,
        null,
        1,
        null,
        null
      ],
      "/Users/student/Scripts/battle_ship/lib/player.rb": [
        1,
        1,
        null,
        1,
        3,
        3,
        3,
        null,
        null
      ],
      "/Users/student/Scripts/battle_ship/spec/grid_spec.rb": [
        1,
        null,
        1,
        2,
        2,
        2,
        1,
        1,
        null,
        null,
        null,
        null,
        null,
        null,
        null,
        null,
        null,
        null,
        null,
        null,
        null,
        1,
        1,
        null,
        null,
        null,
        null,
        null,
        null,
        null,
        null,
        null,
        null,
        null,
        null,
        null,
        1,
        1,
        1,
        null,
        null,
        1,
        1,
        null,
        null,
        null
      ],
      "/Users/student/Scripts/battle_ship/spec/player_spec.rb": [
        1,
        null,
        1,
        4,
        null,
        1,
        1,
        1,
        null,
        null,
        1,
        1,
        null,
        null,
        1,
        1,
        null,
        null,
        null
      ]
    },
    "timestamp": 1556548154
  }
}
